Traceback (most recent call last):
  File "c:\users\arief ralistiya\appdata\local\programs\python\python39\lib\site-packages\jupyter_cache\executors\utils.py", line 51, in single_nb_execution
    executenb(
  File "c:\users\arief ralistiya\appdata\local\programs\python\python39\lib\site-packages\nbclient\client.py", line 1117, in execute
    return NotebookClient(nb=nb, resources=resources, km=km, **kwargs).execute()
  File "c:\users\arief ralistiya\appdata\local\programs\python\python39\lib\site-packages\nbclient\util.py", line 78, in wrapped
    return just_run(coro(*args, **kwargs))
  File "c:\users\arief ralistiya\appdata\local\programs\python\python39\lib\site-packages\nbclient\util.py", line 57, in just_run
    return loop.run_until_complete(coro)
  File "c:\users\arief ralistiya\appdata\local\programs\python\python39\lib\asyncio\base_events.py", line 642, in run_until_complete
    return future.result()
  File "c:\users\arief ralistiya\appdata\local\programs\python\python39\lib\site-packages\nbclient\client.py", line 558, in async_execute
    await self.async_execute_cell(
  File "c:\users\arief ralistiya\appdata\local\programs\python\python39\lib\site-packages\nbclient\client.py", line 862, in async_execute_cell
    self._check_raise_for_error(cell, exec_reply)
  File "c:\users\arief ralistiya\appdata\local\programs\python\python39\lib\site-packages\nbclient\client.py", line 765, in _check_raise_for_error
    raise CellExecutionError.from_cell_and_msg(cell, exec_reply_content)
nbclient.exceptions.CellExecutionError: An error occurred while executing the following cell:
------------------
# change working directories
os.chdir('/content/firstproject/firstproject/spiders')
os.getcwd()
------------------

[1;31m---------------------------------------------------------------------------[0m
[1;31mFileNotFoundError[0m                         Traceback (most recent call last)
[1;32mC:\Users\ARIEFR~1\AppData\Local\Temp/ipykernel_14500/3451237007.py[0m in [0;36m<module>[1;34m[0m
[0;32m      1[0m [1;31m# change working directories[0m[1;33m[0m[1;33m[0m[1;33m[0m[0m
[1;32m----> 2[1;33m [0mos[0m[1;33m.[0m[0mchdir[0m[1;33m([0m[1;34m'/content/firstproject/firstproject/spiders'[0m[1;33m)[0m[1;33m[0m[1;33m[0m[0m
[0m[0;32m      3[0m [0mos[0m[1;33m.[0m[0mgetcwd[0m[1;33m([0m[1;33m)[0m[1;33m[0m[1;33m[0m[0m

[1;31mFileNotFoundError[0m: [WinError 3] The system cannot find the path specified: '/content/firstproject/firstproject/spiders'
FileNotFoundError: [WinError 3] The system cannot find the path specified: '/content/firstproject/firstproject/spiders'

